[1/197] "nature" +593 new · unique so far: 593
[2/197] "landscape" +485 new · unique so far: 1078
[3/197] "forest" +449 new · unique so far: 1527
[4/197] "mountains" +461 new · unique so far: 1988
[5/197] "waterfall" +556 new · unique so far: 2544
[6/197] "river" +463 new · unique so far: 3007
[7/197] "sunset" +461 new · unique so far: 3468
[8/197] "sunrise" +352 new · unique so far: 3820
[9/197] "autumn" +487 new · unique so far: 4307
[10/197] "winter snow" +429 new · unique so far: 4736
[11/197] "spring flowers" +582 new · unique so far: 5318
[12/197] "summer" +473 new · unique so far: 5791
[13/197] "desert" +545 new · unique so far: 6336
[14/197] "jungle" +558 new · unique so far: 6894
[15/197] "meadow" +347 new · unique so far: 7241
[16/197] "northern lights" +584 new · unique so far: 7825
[17/197] "valley" +410 new · unique so far: 8235
[18/197] "canyon" +532 new · unique so far: 8767
[19/197] "field" +309 new · unique so far: 9076
[20/197] "tree" +359 new · unique so far: 9435
[21/197] "flowers" +344 new · unique so far: 9779
[22/197] "ocean" +400 new · unique so far: 10179
[23/197] "ocean waves" +413 new · unique so far: 10592
[24/197] "beach" +255 new · unique so far: 10847
[25/197] "underwater" +527 new · unique so far: 11374
[26/197] "coral reef" +526 new · unique so far: 11900
[27/197] "rain" +562 new · unique so far: 12462
[28/197] "water drop" +542 new · unique so far: 13004
[29/197] "lake" +353 new · unique so far: 13357
[30/197] "island" +440 new · unique so far: 13797
[31/197] "tropical" +327 new · unique so far: 14124
[32/197] "clouds" +425 new · unique so far: 14549
[33/197] "sky" +290 new · unique so far: 14839
[34/197] "stars" +561 new · unique so far: 15400
[35/197] "space" +524 new · unique so far: 15924
[36/197] "galaxy" +443 new · unique so far: 16367
[37/197] "milky way" +418 new · unique so far: 16785
[38/197] "storm" +471 new · unique so far: 17256
[39/197] "lightning" +506 new · unique so far: 17762
[40/197] "moon" +500 new · unique so far: 18262
[41/197] "rainbow" +549 new · unique so far: 18811
[42/197] "city" +465 new · unique so far: 19276
[43/197] "city night" +411 new · unique so far: 19687
[44/197] "skyline" +267 new · unique so far: 19954
[45/197] "traffic" +489 new · unique so far: 20443
[46/197] "aerial drone" +523 new · unique so far: 20966
[47/197] "travel" +240 new · unique so far: 21206
[48/197] "road" +288 new · unique so far: 21494
[49/197] "highway" +445 new · unique so far: 21939
[50/197] "bridge" +362 new · unique so far: 22301
[51/197] "airport" +577 new · unique so far: 22878
[52/197] "train" +524 new · unique so far: 23402
[53/197] "architecture" +287 new · unique so far: 23689
[54/197] "building" +252 new · unique so far: 23941
[55/197] "street" +270 new · unique so far: 24211
[56/197] "skyscraper" +346 new · unique so far: 24557
[57/197] "interior" +502 new · unique so far: 25059
[58/197] "home" +438 new · unique so far: 25497
[59/197] "village" +447 new · unique so far: 25944
[60/197] "business" +486 new · unique so far: 26430
[61/197] "office" +359 new · unique so far: 26789
[62/197] "meeting" +522 new · unique so far: 27311
[63/197] "handshake" +220 new · unique so far: 27531
[64/197] "startup" +241 new · unique so far: 27772
[65/197] "coworking" +38 new · unique so far: 27810
[66/197] "finance" +534 new · unique so far: 28344
[67/197] "stock market" +523 new · unique so far: 28867
[68/197] "money" +445 new · unique so far: 29312
[69/197] "success" +460 new · unique so far: 29772
[70/197] "teamwork" +430 new · unique so far: 30202
[71/197] "presentation" +491 new · unique so far: 30693
[72/197] "workspace" +362 new · unique so far: 31055
[73/197] "laptop" +362 new · unique so far: 31417
[74/197] "technology" +338 new · unique so far: 31755
[75/197] "artificial intelligence" +576 new · unique so far: 32331
[76/197] "data" +471 new · unique so far: 32802
[77/197] "network" +444 new · unique so far: 33246
[78/197] "code programming" +451 new · unique so far: 33697
[79/197] "server room" +409 new · unique so far: 34106
[80/197] "robot" +404 new · unique so far: 34510
[81/197] "circuit" +488 new · unique so far: 34998
[82/197] "abstract" +470 new · unique so far: 35468
[83/197] "abstract background" +436 new · unique so far: 35904
[84/197] "particles" +144 new · unique so far: 36048
[85/197] "digital" +380 new · unique so far: 36428
[86/197] "hologram" +15 new · unique so far: 36443
[87/197] "neon" +505 new · unique so far: 36948
[88/197] "gradient background" +489 new · unique so far: 37437
[89/197] "texture" +331 new · unique so far: 37768
[90/197] "pattern" +211 new · unique so far: 37979
[91/197] "geometric" +445 new · unique so far: 38424
[92/197] "people" +346 new · unique so far: 38770
[93/197] "crowd" +509 new · unique so far: 39279
[94/197] "walking" +448 new · unique so far: 39727
[95/197] "friends" +581 new · unique so far: 40308
[96/197] "family" +483 new · unique so far: 40791
[97/197] "children playing" +574 new · unique so far: 41365
[98/197] "portrait" +441 new · unique so far: 41806
[99/197] "happy people" +499 new · unique so far: 42305
[100/197] "woman" +345 new · unique so far: 42650
[101/197] "man" +307 new · unique so far: 42957
[102/197] "student" +539 new · unique so far: 43496
[103/197] "teacher" +423 new · unique so far: 43919
[104/197] "doctor" +559 new · unique so far: 44478
[105/197] "worker" +535 new · unique so far: 45013
[106/197] "smile" +422 new · unique so far: 45435
[107/197] "food" +502 new · unique so far: 45937
[108/197] "cooking" +533 new · unique so far: 46470
[109/197] "coffee" +530 new · unique so far: 47000
[110/197] "restaurant" +506 new · unique so far: 47506
[111/197] "fruit" +413 new · unique so far: 47919
[112/197] "baking" +527 new · unique so far: 48446
[113/197] "breakfast" +473 new · unique so far: 48919
[114/197] "vegetables" +473 new · unique so far: 49392
[115/197] "dessert" +429 new · unique so far: 49821
[116/197] "wine" +563 new · unique so far: 50384
[117/197] "pizza" +534 new · unique so far: 50918
[118/197] "salad" +535 new · unique so far: 51453
[119/197] "fitness" +531 new · unique so far: 51984
[120/197] "gym workout" +435 new · unique so far: 52419
[121/197] "running" +473 new · unique so far: 52892
[122/197] "yoga" +490 new · unique so far: 53382
[123/197] "sports" +440 new · unique so far: 53822
[124/197] "soccer" +512 new · unique so far: 54334
[125/197] "cycling" +527 new · unique so far: 54861
[126/197] "swimming" +448 new · unique so far: 55309
[127/197] "basketball" +534 new · unique so far: 55843
[128/197] "hiking" +325 new · unique so far: 56168
[129/197] "dance" +536 new · unique so far: 56704
[130/197] "animals" +349 new · unique so far: 57053
[131/197] "wildlife" +221 new · unique so far: 57274
[132/197] "birds" +277 new · unique so far: 57551
[133/197] "dog" +444 new · unique so far: 57995
[134/197] "cat" +466 new · unique so far: 58461
[135/197] "horse" +519 new · unique so far: 58980
[136/197] "science" +407 new · unique so far: 59387
[137/197] "laboratory" +343 new · unique so far: 59730
[138/197] "medical" +395 new · unique so far: 60125
[139/197] "dna" +43 new · unique so far: 60168
[140/197] "hospital" +291 new · unique so far: 60459
[141/197] "health" +344 new · unique so far: 60803
[142/197] "insect" +390 new · unique so far: 61193
[143/197] "ocean life" +433 new · unique so far: 61626
[144/197] "industry" +530 new · unique so far: 62156
[145/197] "factory" +487 new · unique so far: 62643
[146/197] "construction" +422 new · unique so far: 63065
[147/197] "energy" +431 new · unique so far: 63496
[148/197] "solar panels" +440 new · unique so far: 63936
[149/197] "wind turbine" +474 new · unique so far: 64410
[150/197] "agriculture" +239 new · unique so far: 64649
[151/197] "farming" +353 new · unique so far: 65002
[152/197] "oil rig" +524 new · unique so far: 65526
[153/197] "warehouse" +521 new · unique so far: 66047
[154/197] "logistics" +469 new · unique so far: 66516
[155/197] "tools" +523 new · unique so far: 67039
[156/197] "celebration" +339 new · unique so far: 67378
[157/197] "fireworks" +517 new · unique so far: 67895
[158/197] "party" +389 new · unique so far: 68284
[159/197] "concert" +490 new · unique so far: 68774
[160/197] "night lights" +291 new · unique so far: 69065
[161/197] "fire" +509 new · unique so far: 69574
[162/197] "smoke" +425 new · unique so far: 69999
[163/197] "candle" +532 new · unique so far: 70531
[164/197] "christmas" +461 new · unique so far: 70992
[165/197] "wedding" +457 new · unique so far: 71449
[166/197] "birthday" +479 new · unique so far: 71928
[167/197] "balloons" +534 new · unique so far: 72462
[168/197] "luxury" +440 new · unique so far: 72902
[169/197] "fashion" +264 new · unique so far: 73166
[170/197] "jewelry" +496 new · unique so far: 73662
[171/197] "cars" +437 new · unique so far: 74099
[172/197] "car driving" +490 new · unique so far: 74589
[173/197] "sports car" +497 new · unique so far: 75086
[174/197] "motorcycle" +524 new · unique so far: 75610
[175/197] "watch" +515 new · unique so far: 76125
[176/197] "shoes" +464 new · unique so far: 76589
[177/197] "makeup" +456 new · unique so far: 77045
[178/197] "gaming" +547 new · unique so far: 77592
[179/197] "esports" +8 new · unique so far: 77600
[180/197] "music studio" +526 new · unique so far: 78126
[181/197] "art painting" +512 new · unique so far: 78638
[182/197] "books" +477 new · unique so far: 79115
[183/197] "education" +376 new · unique so far: 79491
[184/197] "guitar" +514 new · unique so far: 80005
[185/197] "camera" +408 new · unique so far: 80413
[186/197] "graffiti" +412 new · unique so far: 80825
[187/197] "drawing" +477 new · unique so far: 81302
[188/197] "minimal" +457 new · unique so far: 81759
[189/197] "vintage" +159 new · unique so far: 81918
[190/197] "nature background" +86 new · unique so far: 82004
[191/197] "blur background" +484 new · unique so far: 82488
[192/197] "bokeh" +311 new · unique so far: 82799
[193/197] "macro" +142 new · unique so far: 82941
[194/197] "silhouette" +99 new · unique so far: 83040
[195/197] "coffee shop" +460 new · unique so far: 83500
[196/197] "plant" +211 new · unique so far: 83711
[197/197] "sunlight" +83 new · unique so far: 83794

──────────────────────────────────────────────
DONE. unique images: 83794 · requests: 579 · elapsed: 2194.2s
file: C:\tmp\pipilot-repo\e2b-video-template\stockdb\pixabay_images.jsonl (76.83 MB)
